<?xml version="1.0" encoding="UTF-8"?>
<!-- Generated by org.testng.reporters.JUnitReportReporter -->
<testsuite hostname="LAPTOP-DSG6DPLD" failures="0" tests="2" name="qaclickacademy.MavenExp.RestApiTest" time="0.008" errors="0" timestamp="2021-09-13T10:32:22 IST" skipped="0">
  <testcase classname="qaclickacademy.MavenExp.RestApiTest" name="deleteTwitter" time="0.007"/>
  <system-out/>
  <testcase classname="qaclickacademy.MavenExp.RestApiTest" name="postJira" time="0.001"/>
  <system-out/>
</testsuite> <!-- qaclickacademy.MavenExp.RestApiTest -->
