<?xml version="1.0" encoding="UTF-8"?>
<!-- Generated by org.testng.reporters.JUnitReportReporter -->
<testsuite hostname="LAPTOP-DSG6DPLD" failures="0" tests="2" name="qaclickacademy.MavenExp.SeleniumTest" time="0.000" errors="0" timestamp="13 Sep 2021 05:32:48 GMT" skipped="0">
  <testcase classname="qaclickacademy.MavenExp.SeleniumTest" name="BrowserAUtomation" time="0.000"/>
  <testcase classname="qaclickacademy.MavenExp.SeleniumTest" name="elementsUi" time="0.000"/>
</testsuite> <!-- qaclickacademy.MavenExp.SeleniumTest -->
