<?xml version="1.0" encoding="UTF-8"?>
<!-- Generated by org.testng.reporters.JUnitReportReporter -->
<testsuite hostname="LAPTOP-DSG6DPLD" failures="0" tests="2" name="qaclickacademy.MavenExp.AppiumTest" time="0.001" errors="0" timestamp="13 Sep 2021 05:32:48 GMT" skipped="0">
  <testcase classname="qaclickacademy.MavenExp.AppiumTest" name="IOSApps" time="0.000"/>
  <testcase classname="qaclickacademy.MavenExp.AppiumTest" name="NativeAPpAndroid" time="0.001"/>
</testsuite> <!-- qaclickacademy.MavenExp.AppiumTest -->
